[2026-05-18 07:04:06] === Virtus Job Metro Monitor STARTED ===
[2026-05-18 07:04:06] LAN URL: exp://192.168.1.11:8081
[2026-05-18 07:04:06] API URL: http://192.168.1.11:8000
[2026-05-18 07:04:06] Metro not running (restart #1). Starting...
[2026-05-18 07:04:06] Starting Metro (LAN mode)...
Starting project at C:\Users\LENOVO\Documents\2026\my-softwaree\virtus-job\apps\mobile
› Port 8081 is being used by another process
› Skipping dev server
[2026-05-18 07:04:16] Metro process started.
[2026-05-18 07:04:46] Metro not running (restart #2). Starting...
[2026-05-18 07:04:46] Starting Metro (LAN mode)...
Starting project at C:\Users\LENOVO\Documents\2026\my-softwaree\virtus-job\apps\mobile
› Port 8081 is being used by another process
› Skipping dev server
[2026-05-18 07:04:56] Metro process started.
[2026-05-18 07:05:26] Metro not running (restart #3). Starting...
[2026-05-18 07:05:26] Starting Metro (LAN mode)...
Starting project at C:\Users\LENOVO\Documents\2026\my-softwaree\virtus-job\apps\mobile
› Port 8081 is being used by another process
› Skipping dev server
[2026-05-18 07:05:36] Metro process started.
[2026-05-18 07:06:06] Metro not running (restart #4). Starting...
[2026-05-18 07:06:06] Starting Metro (LAN mode)...
Starting project at C:\Users\LENOVO\Documents\2026\my-softwaree\virtus-job\apps\mobile
› Port 8081 is being used by another process
› Skipping dev server
[2026-05-18 07:06:16] Metro process started.
[2026-05-18 07:06:46] Metro not running (restart #5). Starting...
[2026-05-18 07:06:47] Starting Metro (LAN mode)...
Starting project at C:\Users\LENOVO\Documents\2026\my-softwaree\virtus-job\apps\mobile
› Port 8081 is being used by another process
› Skipping dev server
[2026-05-18 07:06:57] Metro process started.
[2026-05-18 07:07:27] Metro not running (restart #6). Starting...
[2026-05-18 07:07:27] Starting Metro (LAN mode)...
Starting project at C:\Users\LENOVO\Documents\2026\my-softwaree\virtus-job\apps\mobile
› Port 8081 is being used by another process
› Skipping dev server
[2026-05-18 07:08:17] Metro process started.
[2026-05-18 07:08:47] Metro not running (restart #8). Starting...
[2026-05-18 07:08:47] Starting Metro (LAN mode)...
Starting project at C:\Users\LENOVO\Documents\2026\my-softwaree\virtus-job\apps\mobile
› Port 8081 is being used by another process
› Skipping dev server
[2026-05-18 07:09:27] Metro not running (restart #9). Starting...
[2026-05-18 07:09:27] Starting Metro (LAN mode)...
Starting project at C:\Users\LENOVO\Documents\2026\my-softwaree\virtus-job\apps\mobile
› Port 8081 is being used by another process
› Skipping dev server
[2026-05-18 07:10:08] Metro not running (restart #10). Starting...
[2026-05-18 07:10:08] Starting Metro (LAN mode)...
Starting project at C:\Users\LENOVO\Documents\2026\my-softwaree\virtus-job\apps\mobile
› Port 8081 is being used by another process
› Skipping dev server
[2026-05-18 07:10:18] Metro process started.
[2026-05-18 07:10:48] Metro not running (restart #11). Starting...
[2026-05-18 07:10:48] Starting Metro (LAN mode)...
Starting project at C:\Users\LENOVO\Documents\2026\my-softwaree\virtus-job\apps\mobile
› Port 8081 is being used by another process
› Skipping dev server
[2026-05-18 07:10:58] Metro process started.
[2026-05-18 07:11:28] Metro not running (restart #12). Starting...
[2026-05-18 07:11:28] Starting Metro (LAN mode)...
Starting project at C:\Users\LENOVO\Documents\2026\my-softwaree\virtus-job\apps\mobile
› Port 8081 is being used by another process
› Skipping dev server
[2026-05-18 07:11:38] Metro process started.
[2026-05-18 07:12:08] Metro not running (restart #13). Starting...
[2026-05-18 07:12:08] Starting Metro (LAN mode)...
Starting project at C:\Users\LENOVO\Documents\2026\my-softwaree\virtus-job\apps\mobile
› Port 8081 is being used by another process
› Skipping dev server
[2026-05-18 07:12:18] Metro process started.
[2026-05-18 07:12:48] Metro not running (restart #14). Starting...
[2026-05-18 07:12:48] Starting Metro (LAN mode)...
Starting project at C:\Users\LENOVO\Documents\2026\my-softwaree\virtus-job\apps\mobile
› Port 8081 is being used by another process
› Skipping dev server
[2026-05-18 07:12:58] Metro process started.
[2026-05-18 07:13:28] Metro not running (restart #15). Starting...
[2026-05-18 07:13:28] Starting Metro (LAN mode)...
Starting project at C:\Users\LENOVO\Documents\2026\my-softwaree\virtus-job\apps\mobile
› Port 8081 is being used by another process
› Skipping dev server
[2026-05-18 07:13:38] Metro process started.
[2026-05-18 07:14:08] Metro not running (restart #16). Starting...
[2026-05-18 07:14:08] Starting Metro (LAN mode)...
Starting project at C:\Users\LENOVO\Documents\2026\my-softwaree\virtus-job\apps\mobile
› Port 8081 is being used by another process
› Skipping dev server
[2026-05-18 07:14:18] Metro process started.
[2026-05-18 07:14:48] Metro not running (restart #17). Starting...
[2026-05-18 07:14:48] Starting Metro (LAN mode)...
Starting project at C:\Users\LENOVO\Documents\2026\my-softwaree\virtus-job\apps\mobile
› Port 8081 is being used by another process
› Skipping dev server
[2026-05-18 07:14:59] Metro process started.
[2026-05-18 07:15:29] Metro not running (restart #18). Starting...
[2026-05-18 07:15:29] Starting Metro (LAN mode)...
Starting project at C:\Users\LENOVO\Documents\2026\my-softwaree\virtus-job\apps\mobile
› Port 8081 is being used by another process
› Skipping dev server
[2026-05-18 07:15:39] Metro process started.
[2026-05-18 07:16:09] Metro not running (restart #19). Starting...
[2026-05-18 07:16:09] Starting Metro (LAN mode)...
Starting project at C:\Users\LENOVO\Documents\2026\my-softwaree\virtus-job\apps\mobile
› Port 8081 is being used by another process
› Skipping dev server
[2026-05-18 07:16:19] Metro process started.
[2026-05-18 07:16:49] Metro not running (restart #20). Starting...
[2026-05-18 07:16:49] Starting Metro (LAN mode)...
Starting project at C:\Users\LENOVO\Documents\2026\my-softwaree\virtus-job\apps\mobile
› Port 8081 is being used by another process
› Skipping dev server
[2026-05-18 07:16:59] Metro process started.
[2026-05-18 07:17:29] Metro not running (restart #21). Starting...
[2026-05-18 07:17:29] Starting Metro (LAN mode)...
Starting project at C:\Users\LENOVO\Documents\2026\my-softwaree\virtus-job\apps\mobile
› Port 8081 is being used by another process
› Skipping dev server
[2026-05-18 07:17:39] Metro process started.
[2026-05-18 07:18:09] Metro not running (restart #22). Starting...
[2026-05-18 07:18:09] Starting Metro (LAN mode)...
Starting project at C:\Users\LENOVO\Documents\2026\my-softwaree\virtus-job\apps\mobile
› Port 8081 is being used by another process
› Skipping dev server
[2026-05-18 07:18:19] Metro process started.
[2026-05-18 07:18:49] Metro not running (restart #23). Starting...
[2026-05-18 07:18:49] Starting Metro (LAN mode)...
Starting project at C:\Users\LENOVO\Documents\2026\my-softwaree\virtus-job\apps\mobile
› Port 8081 is being used by another process
› Skipping dev server
[2026-05-18 07:18:59] Metro process started.
[2026-05-18 07:19:29] Metro not running (restart #24). Starting...
[2026-05-18 07:19:29] Starting Metro (LAN mode)...
Starting project at C:\Users\LENOVO\Documents\2026\my-softwaree\virtus-job\apps\mobile
› Port 8081 is being used by another process
› Skipping dev server
[2026-05-18 07:19:39] Metro process started.
[2026-05-18 07:20:10] Metro not running (restart #25). Starting...
[2026-05-18 07:20:10] Starting Metro (LAN mode)...
Starting project at C:\Users\LENOVO\Documents\2026\my-softwaree\virtus-job\apps\mobile
› Port 8081 is being used by another process
› Skipping dev server
[2026-05-18 07:20:20] Metro process started.
[2026-05-18 07:20:50] Metro not running (restart #26). Starting...
[2026-05-18 07:20:50] Starting Metro (LAN mode)...
Starting project at C:\Users\LENOVO\Documents\2026\my-softwaree\virtus-job\apps\mobile
› Port 8081 is being used by another process
› Skipping dev server
[2026-05-18 07:21:00] Metro process started.
[2026-05-18 07:21:30] Metro not running (restart #27). Starting...
[2026-05-18 07:21:30] Starting Metro (LAN mode)...
Starting project at C:\Users\LENOVO\Documents\2026\my-softwaree\virtus-job\apps\mobile
› Port 8081 is being used by another process
› Skipping dev server
[2026-05-18 07:21:40] Metro process started.
[2026-05-18 07:22:10] Metro not running (restart #28). Starting...
[2026-05-18 07:22:10] Starting Metro (LAN mode)...
Starting project at C:\Users\LENOVO\Documents\2026\my-softwaree\virtus-job\apps\mobile
› Port 8081 is being used by another process
› Skipping dev server
[2026-05-18 07:22:20] Metro process started.
[2026-05-18 07:22:50] Metro not running (restart #29). Starting...
[2026-05-18 07:22:50] Starting Metro (LAN mode)...
Starting project at C:\Users\LENOVO\Documents\2026\my-softwaree\virtus-job\apps\mobile
› Port 8081 is being used by another process
› Skipping dev server
[2026-05-18 07:23:30] Metro not running (restart #30). Starting...
[2026-05-18 07:23:30] Starting Metro (LAN mode)...
Starting project at C:\Users\LENOVO\Documents\2026\my-softwaree\virtus-job\apps\mobile
› Port 8081 is being used by another process
› Skipping dev server
[2026-05-18 07:23:40] Metro process started.
[2026-05-18 07:24:10] Metro not running (restart #31). Starting...
[2026-05-18 07:24:10] Starting Metro (LAN mode)...
[2026-05-18 07:24:51] Metro not running (restart #32). Starting...
[2026-05-18 07:24:51] Starting Metro (LAN mode)...
[2026-05-18 07:25:31] Metro not running (restart #33). Starting...
[2026-05-18 07:25:31] Starting Metro (LAN mode)...
Starting project at C:\Users\LENOVO\Documents\2026\my-softwaree\virtus-job\apps\mobile
[2026-05-18 07:26:12] Metro not running (restart #34). Starting...
[2026-05-18 07:26:12] Starting Metro (LAN mode)...
Starting project at C:\Users\LENOVO\Documents\2026\my-softwaree\virtus-job\apps\mobile
› Port 8081 is being used by another process
› Skipping dev server
[2026-05-18 07:26:52] Metro not running (restart #35). Starting...
[2026-05-18 07:26:52] Starting Metro (LAN mode)...
Starting project at C:\Users\LENOVO\Documents\2026\my-softwaree\virtus-job\apps\mobile
› Port 8081 is being used by another process
› Skipping dev server
[2026-05-18 07:27:33] Metro not running (restart #36). Starting...
[2026-05-18 07:27:33] Starting Metro (LAN mode)...
Starting project at C:\Users\LENOVO\Documents\2026\my-softwaree\virtus-job\apps\mobile
[2026-05-18 07:28:13] Metro not running (restart #37). Starting...
[2026-05-18 07:28:13] Starting Metro (LAN mode)...
Starting project at C:\Users\LENOVO\Documents\2026\my-softwaree\virtus-job\apps\mobile
Starting Metro Bundler
[2026-05-18 07:28:54] Metro not running (restart #38). Starting...
[2026-05-18 07:28:54] Starting Metro (LAN mode)...
[2026-05-18 07:29:34] Metro not running (restart #39). Starting...
[2026-05-18 07:29:34] Starting Metro (LAN mode)...
[2026-05-18 07:29:44] Metro process started.
[2026-05-18 07:30:14] Metro not running (restart #40). Starting...
[2026-05-18 07:30:14] Starting Metro (LAN mode)...
[2026-05-18 07:30:55] Metro not running (restart #41). Starting...
[2026-05-18 07:30:55] Starting Metro (LAN mode)...
[2026-05-18 07:31:35] Metro not running (restart #42). Starting...
[2026-05-18 07:31:35] Starting Metro (LAN mode)...
[2026-05-18 07:32:16] Metro not running (restart #43). Starting...
[2026-05-18 07:32:16] Starting Metro (LAN mode)...
[2026-05-18 07:32:56] Metro not running (restart #44). Starting...
[2026-05-18 07:32:56] Starting Metro (LAN mode)...
[2026-05-18 07:33:37] Metro not running (restart #45). Starting...
[2026-05-18 07:33:37] Starting Metro (LAN mode)...
[2026-05-18 07:34:17] Metro not running (restart #46). Starting...
[2026-05-18 07:34:17] Starting Metro (LAN mode)...
[2026-05-18 07:34:27] Metro process started.
[2026-05-18 07:34:57] Metro not running (restart #47). Starting...
[2026-05-18 07:34:57] Starting Metro (LAN mode)...
[2026-05-18 07:35:38] Metro not running (restart #48). Starting...
[2026-05-18 07:35:38] Starting Metro (LAN mode)...
[2026-05-18 07:35:48] Metro process started.
[2026-05-18 07:36:18] Metro not running (restart #49). Starting...
[2026-05-18 07:36:18] Starting Metro (LAN mode)...
[2026-05-18 07:36:28] Metro process started.
[2026-05-18 07:36:58] Metro not running (restart #50). Starting...
[2026-05-18 07:36:58] Starting Metro (LAN mode)...
[2026-05-18 07:37:08] Metro process started.
[2026-05-18 07:37:38] Metro not running (restart #51). Starting...
[2026-05-18 07:37:38] Starting Metro (LAN mode)...
[2026-05-18 07:37:48] Metro process started.
[2026-05-18 07:38:18] Metro not running (restart #52). Starting...
[2026-05-18 07:38:18] Starting Metro (LAN mode)...
[2026-05-18 07:38:28] Metro process started.
[2026-05-18 07:38:58] Metro not running (restart #53). Starting...
[2026-05-18 07:38:58] Starting Metro (LAN mode)...
[2026-05-18 07:39:08] Metro process started.
[2026-05-18 07:39:38] Metro not running (restart #54). Starting...
[2026-05-18 07:39:38] Starting Metro (LAN mode)...
[2026-05-18 07:39:49] Metro process started.
[2026-05-18 07:40:19] Metro not running (restart #55). Starting...
[2026-05-18 07:40:19] Starting Metro (LAN mode)...
[2026-05-18 07:40:29] Metro process started.
[2026-05-18 07:40:59] Metro not running (restart #56). Starting...
[2026-05-18 07:40:59] Starting Metro (LAN mode)...
[2026-05-18 07:41:09] Metro process started.
[2026-05-18 07:41:39] Metro not running (restart #57). Starting...
[2026-05-18 07:41:39] Starting Metro (LAN mode)...
[2026-05-18 07:41:49] Metro process started.
[2026-05-18 07:42:19] Metro not running (restart #58). Starting...
[2026-05-18 07:42:19] Starting Metro (LAN mode)...
Starting project at C:\Users\LENOVO\Documents\2026\my-softwaree\virtus-job\apps\mobile
Starting Metro Bundler
[2026-05-18 07:44:59] Metro not running (restart #62). Starting...
[2026-05-18 07:44:59] Starting Metro (LAN mode)...
Starting project at C:\Users\LENOVO\Documents\2026\my-softwaree\virtus-job\apps\mobile
Starting Metro Bundler
[2026-05-18 07:47:00] Metro not running (restart #65). Starting...
[2026-05-18 07:47:00] Starting Metro (LAN mode)...
Starting project at C:\Users\LENOVO\Documents\2026\my-softwaree\virtus-job\apps\mobile
Starting Metro Bundler
Waiting on http://localhost:8081
Logs for your project will appear below.
› Detected a change in babel.config.js. Restart the server to see the new results. You may need to clear the bundler cache with the --clear flag for your changes to take effect.
› Detected a change in metro.config.js. Restart the server to see the new results.
[2026-05-18 08:09:10] Metro not running (restart #98). Starting...
[2026-05-18 08:09:10] Starting Metro (LAN mode)...
Starting project at C:\Users\LENOVO\Documents\2026\my-softwaree\virtus-job\apps\mobile
Starting Metro Bundler
Waiting on http://localhost:8081
Logs for your project will appear below.
Web node_modules\expo-router\entry.js ░░░░░░░░░░░░░░░░  0.0% (0/1)
Web node_modules\expo-router\entry.js ░░░░░░░░░░░░░░░░  0.0% (0/1)
λ node_modules\expo-router\node\render.js ░░░░░░░░░░░░░░░░  0.0% (0/1)
Web node_modules\expo-router\entry.js ░░░░░░░░░░░░░░░░  1.0% (1/1)
λ node_modules\expo-router\node\render.js ░░░░░░░░░░░░░░░░  0.0% (0/1)
Web node_modules\expo-router\entry.js ▓▓▓▓░░░░░░░░░░░░ 25.0% (5/9)
λ node_modules\expo-router\node\render.js ░░░░░░░░░░░░░░░░  5.7% ( 33/159)
Web node_modules\expo-router\entry.js ▓▓▓▓▓░░░░░░░░░░░ 36.0% ( 9/23)
λ node_modules\expo-router\node\render.js ▓░░░░░░░░░░░░░░░ 10.5% ( 75/232)
Web node_modules\expo-router\entry.js ▓▓▓▓▓░░░░░░░░░░░ 36.0% ( 9/23)
λ node_modules\expo-router\node\render.js ▓▓░░░░░░░░░░░░░░ 17.5% (118/287)
Web node_modules\expo-router\entry.js ▓▓▓▓▓░░░░░░░░░░░ 36.0% (23/99)
λ node_modules\expo-router\node\render.js ▓▓▓▓▓░░░░░░░░░░░ 31.6% (204/375)
Web node_modules\expo-router\entry.js ▓▓▓▓▓░░░░░░░░░░░ 36.0% (23/99)
λ node_modules\expo-router\node\render.js ▓▓▓▓▓▓▓░░░░░░░░░ 44.4% (323/486)
Web node_modules\expo-router\entry.js ▓▓▓▓▓░░░░░░░░░░░ 36.0% (100/240)
λ node_modules\expo-router\node\render.js ▓▓▓▓▓▓▓▓░░░░░░░░ 55.7% (387/562)
Web node_modules\expo-router\entry.js ▓▓▓▓▓░░░░░░░░░░░ 36.0% (112/257)
λ node_modules\expo-router\node\render.js ▓▓▓▓▓▓▓▓░░░░░░░░ 55.7% (445/951)
Web node_modules\expo-router\entry.js ▓▓▓▓▓░░░░░░░░░░░ 36.0% (167/315)
λ node_modules\expo-router\node\render.js ▓▓▓▓▓▓▓▓░░░░░░░░ 55.7% (507/978)
Web node_modules\expo-router\entry.js ▓▓▓▓▓▓░░░░░░░░░░ 38.6% (233/375)
λ node_modules\expo-router\node\render.js ▓▓▓▓▓▓▓▓░░░░░░░░ 55.7% ( 563/1084)
Web node_modules\expo-router\entry.js ▓▓▓▓▓▓░░░░░░░░░░ 41.2% (256/425)
λ node_modules\expo-router\node\render.js ▓▓▓▓▓▓▓▓░░░░░░░░ 55.7% ( 677/1484)
Web node_modules\expo-router\entry.js ▓▓▓▓▓▓░░░░░░░░░░ 41.2% (256/425)
λ node_modules\expo-router\node\render.js ▓▓▓▓▓▓▓▓░░░░░░░░ 55.7% ( 887/1549)
Web node_modules\expo-router\entry.js ▓▓▓▓▓▓░░░░░░░░░░ 42.5% (320/524)
λ node_modules\expo-router\node\render.js ▓▓▓▓▓▓▓▓░░░░░░░░ 55.7% ( 976/1576)
Web node_modules\expo-router\entry.js ▓▓▓▓▓▓░░░░░░░░░░ 42.5% (361/891)
λ node_modules\expo-router\node\render.js ▓▓▓▓▓▓▓▓░░░░░░░░ 55.7% (1036/1617)
Web node_modules\expo-router\entry.js ▓▓▓▓▓▓░░░░░░░░░░ 42.5% (411/934)
λ node_modules\expo-router\node\render.js ▓▓▓▓▓▓▓▓░░░░░░░░ 55.7% (1149/1650)
Web node_modules\expo-router\entry.js ▓▓▓▓▓▓░░░░░░░░░░ 42.5% (419/940)
λ node_modules\expo-router\node\render.js ▓▓▓▓▓▓▓▓▓▓▓░░░░░ 74.4% (1423/1650)
Web node_modules\expo-router\entry.js ▓▓▓▓▓▓░░░░░░░░░░ 42.5% ( 532/1106)
λ node_modules\expo-router\node\render.js ▓▓▓▓▓▓▓▓▓▓▓▓▓▓░░ 87.9% (1579/1695)
Web node_modules\expo-router\entry.js ▓▓▓▓▓▓░░░░░░░░░░ 42.5% ( 929/1560)
λ node_modules\expo-router\node\render.js ▓▓▓▓▓▓▓▓▓▓▓▓▓▓░░ 90.2% (1653/1744)
Web node_modules\expo-router\entry.js ▓▓▓▓▓▓▓▓░░░░░░░░ 53.4% (1197/1638)
λ node_modules\expo-router\node\render.js ▓▓▓▓▓▓▓▓▓▓▓▓▓▓░░ 92.8% (1713/1802)
Web node_modules\expo-router\entry.js ▓▓▓▓▓▓▓▓▓▓▓▓░░░░ 80.5% (1506/1679)
λ node_modules\expo-router\node\render.js ▓▓▓▓▓▓▓▓▓▓▓▓▓▓░░ 92.8% (1723/1807)
Web node_modules\expo-router\entry.js ▓▓▓▓▓▓▓▓▓▓▓▓▓▓░░ 89.3% (1639/1734)
λ node_modules\expo-router\node\render.js ▓▓▓▓▓▓▓▓▓▓▓▓▓▓░░ 93.0% (1825/1931)
Web node_modules\expo-router\entry.js ▓▓▓▓▓▓▓▓▓▓▓▓▓▓░░ 91.2% (1732/1839)
λ node_modules\expo-router\node\render.js ▓▓▓▓▓▓▓▓▓▓▓▓▓▓░░ 93.0% (1939/2024)
Web node_modules\expo-router\entry.js ▓▓▓▓▓▓▓▓▓▓▓▓▓▓░░ 93.4% (1838/1936)
λ node_modules\expo-router\node\render.js ▓▓▓▓▓▓▓▓▓▓▓▓▓▓▓░ 95.9% (2006/2048)
Web node_modules\expo-router\entry.js ▓▓▓▓▓▓▓▓▓▓▓▓▓▓░░ 93.4% (1924/2021)
λ node_modules\expo-router\node\render.js ▓▓▓▓▓▓▓▓▓▓▓▓▓▓▓░ 98.8% (2040/2052)
Web node_modules\expo-router\entry.js ▓▓▓▓▓▓▓▓▓▓▓▓▓▓▓░ 96.3% (2074/2113)
λ node_modules\expo-router\node\render.js ▓▓▓▓▓▓▓▓▓▓▓▓▓▓▓░ 98.8% (2087/2114)
λ Bundled 93358ms node_modules\expo-router\node\render.js (2177 modules)
Web node_modules\expo-router\entry.js ▓▓▓▓▓▓▓▓▓▓▓▓▓▓▓░ 99.9% (2240/2240)
Web Bundled 99315ms node_modules\expo-router\entry.js (2240 modules)
Web node_modules\expo-router\entry.js ▓▓▓▓▓▓▓▓▓▓▓▓▓▓▓░ 99.9% (2240/2240)
Web node_modules\expo-router\entry.js ▓▓▓▓▓▓░░░░░░░░░░ 38.6% (271/436)
Web node_modules\expo-router\entry.js ▓▓▓▓▓▓▓▓░░░░░░░░ 54.8% ( 499/1001)
Web node_modules\expo-router\entry.js ▓▓▓▓▓▓▓▓░░░░░░░░ 54.8% ( 938/1555)
Web node_modules\expo-router\entry.js ▓▓▓▓▓▓▓▓▓▓░░░░░░ 63.8% (1341/1679)
Web node_modules\expo-router\entry.js ▓▓▓▓▓▓▓▓▓▓▓▓▓▓▓░ 96.3% (1753/1806)
Web node_modules\expo-router\entry.js ▓▓▓▓▓▓▓▓▓▓▓▓▓▓▓░ 96.3% (1968/2027)
Web node_modules\expo-router\entry.js ▓▓▓▓▓▓▓▓▓▓▓▓▓▓▓░ 99.5% (2222/2228)
Web Bundled 25090ms node_modules\expo-router\entry.js (2242 modules)
 LOG  [web] Logs will appear in the browser console
 LOG  [web] Logs will appear in the browser console
Web node_modules\expo-router\entry.js ░░░░░░░░░░░░░░░░  0.0% (0/1)
λ Bundled 429ms node_modules\expo-router\node\render.js (1 module)
Web node_modules\expo-router\entry.js ░░░░░░░░░░░░░░░░  0.0% (0/1)
Web Bundled 4642ms node_modules\expo-router\entry.js (1 module)
Web node_modules\expo-router\entry.js ░░░░░░░░░░░░░░░░  0.0% (0/1)
Web Bundled 190ms node_modules\expo-router\entry.js (1 module)
 LOG  [web] Logs will appear in the browser console
 LOG  [web] Logs will appear in the browser console
Web node_modules\expo-router\entry.js ░░░░░░░░░░░░░░░░  0.0% (0/1)
λ Bundled 316ms node_modules\expo-router\node\render.js (1 module)
Web Bundled 2188ms node_modules\expo-router\entry.js (1 module)
Web node_modules\expo-router\entry.js ░░░░░░░░░░░░░░░░  0.0% (0/1)
Web Bundled 1037ms node_modules\expo-router\entry.js (1 module)
 LOG  [web] Logs will appear in the browser console
 LOG  [web] Logs will appear in the browser console
Web node_modules\expo-router\entry.js ░░░░░░░░░░░░░░░░  0.0% (0/1)
λ Bundled 205ms node_modules\expo-router\node\render.js (1 module)
Web Bundled 1056ms node_modules\expo-router\entry.js (1 module)
Web Bundled 380ms node_modules\expo-router\entry.js (1 module)
Web node_modules\expo-router\entry.js ░░░░░░░░░░░░░░░░  0.0% (0/1)
 LOG  [web] Logs will appear in the browser console
 LOG  [web] Logs will appear in the browser console
